Build started 3/10/2022 1:30:09 AM.
     1>Project "D:\vs\sky\Sky-Garden\Sky-Garden.vcxproj" on node 2 (build target(s)).
     1>InitializeBuildStatus:
         Touching "Debug\Sky-Garden.unsuccessfulbuild".
       ClCompile:
         C:\Program Files (x86)\Microsoft Visual Studio 10.0\VC\bin\CL.exe /c /Zi /nologo /W3 /WX- /Od /Oy- /D WIN32 /D _DEBUG /D _CONSOLE /D _UNICODE /D UNICODE /Gm /EHsc /RTC1 /MDd /GS /fp:precise /Zc:wchar_t /Zc:forScope /Fo"Debug\\" /Fd"Debug\vc100.pdb" /Gd /TP /analyze- /errorReport:prompt main.cpp
         main.cpp
     1>d:\vs\sky\sky-garden\store.h(183): warning C4101: 'Size_s' : unreferenced local variable
       ManifestResourceCompile:
         All outputs are up-to-date.
       Link:
         C:\Program Files (x86)\Microsoft Visual Studio 10.0\VC\bin\link.exe /ERRORREPORT:PROMPT /OUT:"D:\vs\sky\Sky-Garden\Debug\Sky-Garden.exe" /INCREMENTAL /NOLOGO glut32.lib kernel32.lib user32.lib gdi32.lib winspool.lib comdlg32.lib advapi32.lib shell32.lib ole32.lib oleaut32.lib uuid.lib odbc32.lib odbccp32.lib kernel32.lib user32.lib gdi32.lib winspool.lib comdlg32.lib advapi32.lib shell32.lib ole32.lib oleaut32.lib uuid.lib odbc32.lib odbccp32.lib /MANIFEST /ManifestFile:"Debug\Sky-Garden.exe.intermediate.manifest" /MANIFESTUAC:"level='asInvoker' uiAccess='false'" /DEBUG /PDB:"D:\vs\sky\Sky-Garden\Debug\Sky-Garden.pdb" /SUBSYSTEM:CONSOLE /TLBID:1 /DYNAMICBASE /NXCOMPAT /IMPLIB:"D:\vs\sky\Sky-Garden\Debug\Sky-Garden.lib" /MACHINE:X86 "Debug\Sky-Garden.exe.embed.manifest.res"
         Debug\main.obj
       Manifest:
         C:\Program Files (x86)\Microsoft SDKs\Windows\v7.0A\bin\mt.exe /nologo /verbose /out:"Debug\Sky-Garden.exe.embed.manifest" /manifest "Debug\Sky-Garden.exe.intermediate.manifest"
         All outputs are up-to-date.
       LinkEmbedManifest:
         All outputs are up-to-date.
         Sky-Garden.vcxproj -> D:\vs\sky\Sky-Garden\Debug\Sky-Garden.exe
       FinalizeBuildStatus:
         Deleting file "Debug\Sky-Garden.unsuccessfulbuild".
         Touching "Debug\Sky-Garden.lastbuildstate".
     1>Done Building Project "D:\vs\sky\Sky-Garden\Sky-Garden.vcxproj" (build target(s)).

Build succeeded.

Time Elapsed 00:00:01.22
